<?xml version="1.0" encoding="UTF-8"?>
<!-- Generated by org.testng.reporters.JUnitXMLReporter -->
<testsuite hostname="RoliaDesktop" ignored="0" name="Test1" tests="2" failures="2" timestamp="2020-05-01T14:24:44 EDT" time="10.092" errors="0">
  <testcase name="UrlTest" time="0.006" classname="gtplBank_SignIn.LoginTest">
    <failure type="java.lang.NullPointerException">
      <![CDATA[java.lang.NullPointerException
at gtplBank_SignIn.LoginTest.UrlTest(LoginTest.java:41)
at java.util.ArrayList.forEach(Unknown Source)
... Removed 27 stack frames]]>
    </failure>
  </testcase> <!-- UrlTest -->
  <testcase name="titleTest" time="0.001" classname="gtplBank_SignIn.LoginTest">
    <failure type="java.lang.NullPointerException">
      <![CDATA[java.lang.NullPointerException
at gtplBank_SignIn.LoginTest.titleTest(LoginTest.java:31)
at java.util.ArrayList.forEach(Unknown Source)
... Removed 27 stack frames]]>
    </failure>
  </testcase> <!-- titleTest -->
</testsuite> <!-- Test1 -->
