<?xml version="1.0" encoding="UTF-8"?>
<!-- Generated by org.testng.reporters.JUnitXMLReporter -->
<testsuite hostname="RoliaDesktop" ignored="2" name="Test2" tests="2" failures="0" timestamp="2020-05-02T16:31:22 EDT" time="0.045" errors="0">
  <testcase name="test1" time="0.006" classname="testngExapledemo.GroupingDemo"/>
  <testcase name="test2" time="0.001" classname="testngExapledemo.GroupingDemo"/>
  <testcase name="test4" time="0.0" classname="testngExapledemo.GroupingDemo">
    <ignored/>
  </testcase> <!-- test4 -->
  <testcase name="test3" time="0.0" classname="testngExapledemo.GroupingDemo">
    <ignored/>
  </testcase> <!-- test3 -->
</testsuite> <!-- Test2 -->
