<?xml version="1.0" encoding="UTF-8"?>
<!-- Generated by org.testng.reporters.JUnitXMLReporter -->
<testsuite hostname="RoliaDesktop" ignored="0" name="Test" tests="3" failures="1" timestamp="2020-05-14T16:45:06 EDT" time="26.126" errors="0">
  <testcase name="titleTest" time="0.068" classname="gtplBank_SignIn.LoginTest">
    <failure type="java.lang.AssertionError" message="expected [GTPL Bank  Page] but found [GTPL Bank Home Page]">
      <![CDATA[java.lang.AssertionError: expected [GTPL Bank  Page] but found [GTPL Bank Home Page]
at gtplBank_SignIn.LoginTest.titleTest(LoginTest.java:68)
at java.util.ArrayList.forEach(Unknown Source)
... Removed 32 stack frames]]>
    </failure>
  </testcase> <!-- titleTest -->
  <testcase name="UrlTest" time="0.007" classname="gtplBank_SignIn.LoginTest"/>
  <testcase name="login" time="0.611" classname="gtplBank_SignIn.LoginTest"/>
</testsuite> <!-- Test -->
