<?xml version="1.0" encoding="UTF-8"?>
<!-- Generated by org.testng.reporters.JUnitXMLReporter -->
<testsuite hostname="RoliaDesktop" ignored="0" name="Test on chrome" tests="1" failures="0" timestamp="2020-05-07T13:15:47 EDT" time="24.842" errors="0">
  <testcase name="@BeforeClass setup" time="24.147" classname="lancherBrowser.guruBank">
    <failure type="java.lang.NullPointerException">
      <![CDATA[java.lang.NullPointerException
at lancherBrowser.BaseTest5.launch(BaseTest5.java:29)
at lancherBrowser.guruBank.setup(guruBank.java:15)
at java.util.ArrayList.forEach(Unknown Source)
at java.util.concurrent.FutureTask.run(Unknown Source)
at java.util.concurrent.ThreadPoolExecutor.runWorker(Unknown Source)
at java.util.concurrent.ThreadPoolExecutor$Worker.run(Unknown Source)
at java.lang.Thread.run(Unknown Source)
... Removed 16 stack frames]]>
    </failure>
  </testcase> <!-- @BeforeClass setup -->
  <testcase name="@BeforeClass setup" time="24.147" classname="lancherBrowser.guruBank">
    <failure type="java.lang.NullPointerException">
      <![CDATA[java.lang.NullPointerException
at lancherBrowser.BaseTest5.launch(BaseTest5.java:29)
at lancherBrowser.guruBank.setup(guruBank.java:15)
at java.util.ArrayList.forEach(Unknown Source)
at java.util.concurrent.FutureTask.run(Unknown Source)
at java.util.concurrent.ThreadPoolExecutor.runWorker(Unknown Source)
at java.util.concurrent.ThreadPoolExecutor$Worker.run(Unknown Source)
at java.lang.Thread.run(Unknown Source)
... Removed 16 stack frames]]>
    </failure>
  </testcase> <!-- @BeforeClass setup -->
  <testcase name="titleTest" time="0.0" classname="lancherBrowser.guruBank">
    <skipped/>
  </testcase> <!-- titleTest -->
</testsuite> <!-- Test on chrome -->
