<?xml version="1.0" encoding="UTF-8"?>
<testng-results skipped="0" failed="1" ignored="0" total="3" passed="2">
  <reporter-output>
  </reporter-output>
  <suite name="Suite" duration-ms="26126" started-at="2020-05-14T16:44:40 EDT" finished-at="2020-05-14T16:45:06 EDT">
    <groups>
    </groups>
    <test name="Test" duration-ms="26126" started-at="2020-05-14T16:44:40 EDT" finished-at="2020-05-14T16:45:06 EDT">
      <class name="gtplBank_SignIn.LoginTest">
        <test-method status="PASS" signature="setup()[pri:0, instance:gtplBank_SignIn.LoginTest@23faf8f2]" name="setup" is-config="true" duration-ms="23571" started-at="2020-05-14T16:44:40 EDT" finished-at="2020-05-14T16:45:03 EDT">
          <reporter-output>
          </reporter-output>
        </test-method> <!-- setup -->
        <test-method status="FAIL" signature="titleTest()[pri:1, instance:gtplBank_SignIn.LoginTest@23faf8f2]" name="titleTest" duration-ms="68" started-at="2020-05-14T16:45:03 EDT" finished-at="2020-05-14T16:45:03 EDT">
          <exception class="java.lang.AssertionError">
            <message>
              <![CDATA[expected [GTPL Bank  Page] but found [GTPL Bank Home Page]]]>
            </message>
            <full-stacktrace>
              <![CDATA[java.lang.AssertionError: expected [GTPL Bank  Page] but found [GTPL Bank Home Page]
at org.testng.Assert.fail(Assert.java:97)
at org.testng.Assert.assertEqualsImpl(Assert.java:136)
at org.testng.Assert.assertEquals(Assert.java:118)
at org.testng.Assert.assertEquals(Assert.java:575)
at org.testng.Assert.assertEquals(Assert.java:585)
at gtplBank_SignIn.LoginTest.titleTest(LoginTest.java:68)
at sun.reflect.NativeMethodAccessorImpl.invoke0(Native Method)
at sun.reflect.NativeMethodAccessorImpl.invoke(Unknown Source)
at sun.reflect.DelegatingMethodAccessorImpl.invoke(Unknown Source)
at java.lang.reflect.Method.invoke(Unknown Source)
at org.testng.internal.MethodInvocationHelper.invokeMethod(MethodInvocationHelper.java:135)
at org.testng.internal.TestInvoker.invokeMethod(TestInvoker.java:598)
at org.testng.internal.TestInvoker.invokeTestMethod(TestInvoker.java:174)
at org.testng.internal.MethodRunner.runInSequence(MethodRunner.java:46)
at org.testng.internal.TestInvoker$MethodInvocationAgent.invoke(TestInvoker.java:821)
at org.testng.internal.TestInvoker.invokeTestMethods(TestInvoker.java:147)
at org.testng.internal.TestMethodWorker.invokeTestMethods(TestMethodWorker.java:146)
at org.testng.internal.TestMethodWorker.run(TestMethodWorker.java:128)
at java.util.ArrayList.forEach(Unknown Source)
at org.testng.TestRunner.privateRun(TestRunner.java:767)
at org.testng.TestRunner.run(TestRunner.java:588)
at org.testng.SuiteRunner.runTest(SuiteRunner.java:384)
at org.testng.SuiteRunner.runSequentially(SuiteRunner.java:378)
at org.testng.SuiteRunner.privateRun(SuiteRunner.java:337)
at org.testng.SuiteRunner.run(SuiteRunner.java:286)
at org.testng.SuiteRunnerWorker.runSuite(SuiteRunnerWorker.java:53)
at org.testng.SuiteRunnerWorker.run(SuiteRunnerWorker.java:96)
at org.testng.TestNG.runSuitesSequentially(TestNG.java:1214)
at org.testng.TestNG.runSuitesLocally(TestNG.java:1136)
at org.testng.TestNG.runSuites(TestNG.java:1066)
at org.testng.TestNG.run(TestNG.java:1034)
at org.testng.remote.AbstractRemoteTestNG.run(AbstractRemoteTestNG.java:115)
at org.testng.remote.RemoteTestNG.initAndRun(RemoteTestNG.java:251)
at org.testng.remote.RemoteTestNG.main(RemoteTestNG.java:77)
]]>
            </full-stacktrace>
          </exception> <!-- java.lang.AssertionError -->
          <reporter-output>
          </reporter-output>
        </test-method> <!-- titleTest -->
        <test-method status="PASS" signature="getResult(org.testng.ITestResult)[pri:0, instance:gtplBank_SignIn.LoginTest@23faf8f2]" name="getResult" is-config="true" duration-ms="21" started-at="2020-05-14T16:45:03 EDT" finished-at="2020-05-14T16:45:03 EDT">
          <params>
            <param index="0">
              <value>
                <![CDATA[[TestResult name=titleTest status=FAILURE method=LoginTest.titleTest()[pri:1, instance:gtplBank_SignIn.LoginTest@23faf8f2] output={null}]]]>
              </value>
            </param>
          </params>
          <reporter-output>
          </reporter-output>
        </test-method> <!-- getResult -->
        <test-method status="PASS" signature="UrlTest()[pri:2, instance:gtplBank_SignIn.LoginTest@23faf8f2]" name="UrlTest" duration-ms="7" started-at="2020-05-14T16:45:03 EDT" finished-at="2020-05-14T16:45:03 EDT">
          <reporter-output>
          </reporter-output>
        </test-method> <!-- UrlTest -->
        <test-method status="PASS" signature="getResult(org.testng.ITestResult)[pri:0, instance:gtplBank_SignIn.LoginTest@23faf8f2]" name="getResult" is-config="true" duration-ms="1" started-at="2020-05-14T16:45:03 EDT" finished-at="2020-05-14T16:45:03 EDT">
          <params>
            <param index="0">
              <value>
                <![CDATA[[TestResult name=UrlTest status=SUCCESS method=LoginTest.UrlTest()[pri:2, instance:gtplBank_SignIn.LoginTest@23faf8f2] output={null}]]]>
              </value>
            </param>
          </params>
          <reporter-output>
          </reporter-output>
        </test-method> <!-- getResult -->
        <test-method status="PASS" signature="login()[pri:3, instance:gtplBank_SignIn.LoginTest@23faf8f2]" name="login" duration-ms="611" started-at="2020-05-14T16:45:03 EDT" finished-at="2020-05-14T16:45:04 EDT">
          <reporter-output>
          </reporter-output>
        </test-method> <!-- login -->
        <test-method status="PASS" signature="getResult(org.testng.ITestResult)[pri:0, instance:gtplBank_SignIn.LoginTest@23faf8f2]" name="getResult" is-config="true" duration-ms="0" started-at="2020-05-14T16:45:04 EDT" finished-at="2020-05-14T16:45:04 EDT">
          <params>
            <param index="0">
              <value>
                <![CDATA[[TestResult name=login status=SUCCESS method=LoginTest.login()[pri:3, instance:gtplBank_SignIn.LoginTest@23faf8f2] output={null}]]]>
              </value>
            </param>
          </params>
          <reporter-output>
          </reporter-output>
        </test-method> <!-- getResult -->
        <test-method status="PASS" signature="tearDown()[pri:0, instance:gtplBank_SignIn.LoginTest@23faf8f2]" name="tearDown" is-config="true" duration-ms="1692" started-at="2020-05-14T16:45:04 EDT" finished-at="2020-05-14T16:45:06 EDT">
          <reporter-output>
          </reporter-output>
        </test-method> <!-- tearDown -->
      </class> <!-- gtplBank_SignIn.LoginTest -->
    </test> <!-- Test -->
  </suite> <!-- Suite -->
</testng-results>
