<?xml version="1.0" encoding="UTF-8"?>
<!-- Generated by org.testng.reporters.JUnitXMLReporter -->
<testsuite hostname="RoliaDesktop" ignored="0" name="Default test" tests="4" failures="0" timestamp="2020-05-02T16:30:33 EDT" time="0.052" errors="0">
  <testcase name="test1" time="0.007" classname="testngExapledemo.GroupingDemo"/>
  <testcase name="test2" time="0.003" classname="testngExapledemo.GroupingDemo"/>
  <testcase name="test3" time="0.0" classname="testngExapledemo.GroupingDemo"/>
  <testcase name="test4" time="0.0" classname="testngExapledemo.GroupingDemo"/>
</testsuite> <!-- Default test -->
