<?xml version="1.0" encoding="UTF-8"?>
<!-- Generated by org.testng.reporters.JUnitXMLReporter -->
<testsuite hostname="RoliaDesktop" ignored="0" name="Default test" tests="3" failures="0" timestamp="2020-05-14T16:09:36 EDT" time="11.44" errors="0">
  <testcase name="titleTest" time="0.017" classname="gtplBank_SignIn.LoginTest"/>
  <testcase name="UrlTest" time="0.005" classname="gtplBank_SignIn.LoginTest"/>
  <testcase name="login" time="0.65" classname="gtplBank_SignIn.LoginTest"/>
</testsuite> <!-- Default test -->
